nohup: ignoring input
Finished.
Vocabulary sizes:
8315
6384
beginning the training
Train worker process using GPU: 0 for training
[GPU0] Epoch 0 Training ====
Epoch Step:      1 | Accumulation Step:   1 | Loss:   7.69 | Tokens / Sec:   948.1 | Learning Rate: 5.4e-07
Epoch Step:     41 | Accumulation Step:   5 | Loss:   7.44 | Tokens / Sec:  6469.4 | Learning Rate: 1.1e-05
Epoch Step:     81 | Accumulation Step:   9 | Loss:   7.00 | Tokens / Sec:  6680.9 | Learning Rate: 2.2e-05
Epoch Step:    121 | Accumulation Step:  13 | Loss:   6.73 | Tokens / Sec:  6302.2 | Learning Rate: 3.3e-05
Epoch Step:    161 | Accumulation Step:  17 | Loss:   6.57 | Tokens / Sec:  6029.3 | Learning Rate: 4.4e-05
Epoch Step:    201 | Accumulation Step:  21 | Loss:   6.44 | Tokens / Sec:  6737.3 | Learning Rate: 5.4e-05
Epoch Step:    241 | Accumulation Step:  25 | Loss:   6.34 | Tokens / Sec:  6573.7 | Learning Rate: 6.5e-05
Epoch Step:    281 | Accumulation Step:  29 | Loss:   6.04 | Tokens / Sec:  6607.3 | Learning Rate: 7.6e-05
Epoch Step:    321 | Accumulation Step:  33 | Loss:   5.91 | Tokens / Sec:  6611.1 | Learning Rate: 8.7e-05
Epoch Step:    361 | Accumulation Step:  37 | Loss:   5.57 | Tokens / Sec:  6434.0 | Learning Rate: 9.7e-05
Epoch Step:    401 | Accumulation Step:  41 | Loss:   5.39 | Tokens / Sec:  6981.0 | Learning Rate: 1.1e-04
Epoch Step:    441 | Accumulation Step:  45 | Loss:   5.13 | Tokens / Sec:  6756.1 | Learning Rate: 1.2e-04
Epoch Step:    481 | Accumulation Step:  49 | Loss:   4.96 | Tokens / Sec:  6459.7 | Learning Rate: 1.3e-04
Epoch Step:    521 | Accumulation Step:  53 | Loss:   4.77 | Tokens / Sec:  6853.4 | Learning Rate: 1.4e-04
Epoch Step:    561 | Accumulation Step:  57 | Loss:   4.61 | Tokens / Sec:  6558.0 | Learning Rate: 1.5e-04
Epoch Step:    601 | Accumulation Step:  61 | Loss:   4.47 | Tokens / Sec:  6554.6 | Learning Rate: 1.6e-04
Epoch Step:    641 | Accumulation Step:  65 | Loss:   4.35 | Tokens / Sec:  6493.2 | Learning Rate: 1.7e-04
Epoch Step:    681 | Accumulation Step:  69 | Loss:   4.38 | Tokens / Sec:  5963.6 | Learning Rate: 1.8e-04
Epoch Step:    721 | Accumulation Step:  73 | Loss:   4.30 | Tokens / Sec:  5974.5 | Learning Rate: 1.9e-04
Epoch Step:    761 | Accumulation Step:  77 | Loss:   4.37 | Tokens / Sec:  5684.8 | Learning Rate: 2.0e-04
Epoch Step:    801 | Accumulation Step:  81 | Loss:   4.09 | Tokens / Sec:  5966.2 | Learning Rate: 2.2e-04
Epoch Step:    841 | Accumulation Step:  85 | Loss:   4.03 | Tokens / Sec:  5989.3 | Learning Rate: 2.3e-04
Epoch Step:    881 | Accumulation Step:  89 | Loss:   4.09 | Tokens / Sec:  5798.2 | Learning Rate: 2.4e-04
| ID | GPU | MEM |
------------------
|  0 | 11% | 20% |
|  1 |  0% |  0% |
|  2 | 98% | 52% |
|  3 | 97% | 52% |
[GPU0] Epoch 0 Validation ====
(tensor(3.9003, device='cuda:0'), <model_training.TrainState object at 0x7fb1a7d7d850>)
[GPU0] Epoch 1 Training ====
Epoch Step:      1 | Accumulation Step:   1 | Loss:   4.11 | Tokens / Sec:  4945.1 | Learning Rate: 2.4e-04
Epoch Step:     41 | Accumulation Step:   5 | Loss:   4.07 | Tokens / Sec:  6831.5 | Learning Rate: 2.6e-04
Epoch Step:     81 | Accumulation Step:   9 | Loss:   3.72 | Tokens / Sec:  6337.9 | Learning Rate: 2.7e-04
Epoch Step:    121 | Accumulation Step:  13 | Loss:   3.74 | Tokens / Sec:  6360.0 | Learning Rate: 2.8e-04
Epoch Step:    161 | Accumulation Step:  17 | Loss:   3.49 | Tokens / Sec:  6660.4 | Learning Rate: 2.9e-04
Epoch Step:    201 | Accumulation Step:  21 | Loss:   3.60 | Tokens / Sec:  6893.7 | Learning Rate: 3.0e-04
Epoch Step:    241 | Accumulation Step:  25 | Loss:   3.70 | Tokens / Sec:  6617.1 | Learning Rate: 3.1e-04
Epoch Step:    281 | Accumulation Step:  29 | Loss:   3.45 | Tokens / Sec:  7112.1 | Learning Rate: 3.2e-04
Epoch Step:    321 | Accumulation Step:  33 | Loss:   3.48 | Tokens / Sec:  7060.3 | Learning Rate: 3.3e-04
Epoch Step:    361 | Accumulation Step:  37 | Loss:   3.52 | Tokens / Sec:  7086.5 | Learning Rate: 3.4e-04
Epoch Step:    401 | Accumulation Step:  41 | Loss:   3.42 | Tokens / Sec:  7055.5 | Learning Rate: 3.5e-04
Epoch Step:    441 | Accumulation Step:  45 | Loss:   3.21 | Tokens / Sec:  6981.0 | Learning Rate: 3.6e-04
Epoch Step:    481 | Accumulation Step:  49 | Loss:   3.07 | Tokens / Sec:  6770.3 | Learning Rate: 3.7e-04
Epoch Step:    521 | Accumulation Step:  53 | Loss:   3.34 | Tokens / Sec:  7080.2 | Learning Rate: 3.8e-04
Epoch Step:    561 | Accumulation Step:  57 | Loss:   3.33 | Tokens / Sec:  6878.3 | Learning Rate: 4.0e-04
Epoch Step:    601 | Accumulation Step:  61 | Loss:   3.08 | Tokens / Sec:  6787.3 | Learning Rate: 4.1e-04
Epoch Step:    641 | Accumulation Step:  65 | Loss:   2.93 | Tokens / Sec:  6922.8 | Learning Rate: 4.2e-04
Epoch Step:    681 | Accumulation Step:  69 | Loss:   3.10 | Tokens / Sec:  6579.0 | Learning Rate: 4.3e-04
Epoch Step:    721 | Accumulation Step:  73 | Loss:   3.16 | Tokens / Sec:  6773.0 | Learning Rate: 4.4e-04
Epoch Step:    761 | Accumulation Step:  77 | Loss:   3.21 | Tokens / Sec:  6939.1 | Learning Rate: 4.5e-04
Epoch Step:    801 | Accumulation Step:  81 | Loss:   2.93 | Tokens / Sec:  6697.0 | Learning Rate: 4.6e-04
Epoch Step:    841 | Accumulation Step:  85 | Loss:   3.12 | Tokens / Sec:  6712.7 | Learning Rate: 4.7e-04
Epoch Step:    881 | Accumulation Step:  89 | Loss:   2.82 | Tokens / Sec:  6757.2 | Learning Rate: 4.8e-04
| ID | GPU | MEM |
------------------
|  0 | 14% | 24% |
|  1 |  0% |  0% |
|  2 | 98% | 52% |
|  3 | 89% | 52% |
[GPU0] Epoch 1 Validation ====
(tensor(2.8622, device='cuda:0'), <model_training.TrainState object at 0x7fb1a7d7d850>)
[GPU0] Epoch 2 Training ====
Epoch Step:      1 | Accumulation Step:   1 | Loss:   2.70 | Tokens / Sec:  4868.9 | Learning Rate: 4.9e-04
Epoch Step:     41 | Accumulation Step:   5 | Loss:   2.74 | Tokens / Sec:  6407.0 | Learning Rate: 5.0e-04
Epoch Step:     81 | Accumulation Step:   9 | Loss:   2.73 | Tokens / Sec:  6600.7 | Learning Rate: 5.1e-04
Epoch Step:    121 | Accumulation Step:  13 | Loss:   2.51 | Tokens / Sec:  6298.0 | Learning Rate: 5.2e-04
Epoch Step:    161 | Accumulation Step:  17 | Loss:   2.90 | Tokens / Sec:  6248.4 | Learning Rate: 5.3e-04
Epoch Step:    201 | Accumulation Step:  21 | Loss:   2.82 | Tokens / Sec:  6853.4 | Learning Rate: 5.4e-04
Epoch Step:    241 | Accumulation Step:  25 | Loss:   2.46 | Tokens / Sec:  6716.2 | Learning Rate: 5.5e-04
Epoch Step:    281 | Accumulation Step:  29 | Loss:   2.41 | Tokens / Sec:  6804.1 | Learning Rate: 5.6e-04
Epoch Step:    321 | Accumulation Step:  33 | Loss:   2.52 | Tokens / Sec:  6496.9 | Learning Rate: 5.7e-04
Epoch Step:    361 | Accumulation Step:  37 | Loss:   2.63 | Tokens / Sec:  6785.3 | Learning Rate: 5.9e-04
Epoch Step:    401 | Accumulation Step:  41 | Loss:   2.54 | Tokens / Sec:  6446.5 | Learning Rate: 6.0e-04
Epoch Step:    441 | Accumulation Step:  45 | Loss:   2.76 | Tokens / Sec:  6638.8 | Learning Rate: 6.1e-04
Epoch Step:    481 | Accumulation Step:  49 | Loss:   2.55 | Tokens / Sec:  6847.7 | Learning Rate: 6.2e-04
Epoch Step:    521 | Accumulation Step:  53 | Loss:   2.42 | Tokens / Sec:  6910.8 | Learning Rate: 6.3e-04
Epoch Step:    561 | Accumulation Step:  57 | Loss:   2.49 | Tokens / Sec:  6876.9 | Learning Rate: 6.4e-04
Epoch Step:    601 | Accumulation Step:  61 | Loss:   2.16 | Tokens / Sec:  6863.0 | Learning Rate: 6.5e-04
Epoch Step:    641 | Accumulation Step:  65 | Loss:   2.34 | Tokens / Sec:  6739.9 | Learning Rate: 6.6e-04
Epoch Step:    681 | Accumulation Step:  69 | Loss:   2.54 | Tokens / Sec:  6319.8 | Learning Rate: 6.7e-04
Epoch Step:    721 | Accumulation Step:  73 | Loss:   2.21 | Tokens / Sec:  6239.8 | Learning Rate: 6.8e-04
Epoch Step:    761 | Accumulation Step:  77 | Loss:   2.24 | Tokens / Sec:  6360.6 | Learning Rate: 6.9e-04
Epoch Step:    801 | Accumulation Step:  81 | Loss:   2.15 | Tokens / Sec:  6525.3 | Learning Rate: 7.0e-04
Epoch Step:    841 | Accumulation Step:  85 | Loss:   2.08 | Tokens / Sec:  7004.5 | Learning Rate: 7.1e-04
Epoch Step:    881 | Accumulation Step:  89 | Loss:   2.29 | Tokens / Sec:  6715.1 | Learning Rate: 7.3e-04
| ID | GPU | MEM |
------------------
|  0 | 37% | 24% |
|  1 |  0% |  0% |
|  2 | 98% | 52% |
|  3 | 97% | 52% |
[GPU0] Epoch 2 Validation ====
(tensor(2.1240, device='cuda:0'), <model_training.TrainState object at 0x7fb1a7d7d850>)
[GPU0] Epoch 3 Training ====
Epoch Step:      1 | Accumulation Step:   1 | Loss:   2.30 | Tokens / Sec:  5153.2 | Learning Rate: 7.3e-04
Epoch Step:     41 | Accumulation Step:   5 | Loss:   2.02 | Tokens / Sec:  6521.2 | Learning Rate: 7.4e-04
Epoch Step:     81 | Accumulation Step:   9 | Loss:   1.70 | Tokens / Sec:  6261.3 | Learning Rate: 7.5e-04
Epoch Step:    121 | Accumulation Step:  13 | Loss:   1.92 | Tokens / Sec:  6211.8 | Learning Rate: 7.6e-04
Epoch Step:    161 | Accumulation Step:  17 | Loss:   1.92 | Tokens / Sec:  6213.1 | Learning Rate: 7.8e-04
Epoch Step:    201 | Accumulation Step:  21 | Loss:   2.00 | Tokens / Sec:  6205.5 | Learning Rate: 7.9e-04
Epoch Step:    241 | Accumulation Step:  25 | Loss:   1.98 | Tokens / Sec:  6191.1 | Learning Rate: 8.0e-04
Epoch Step:    281 | Accumulation Step:  29 | Loss:   1.99 | Tokens / Sec:  6154.3 | Learning Rate: 8.1e-04
Epoch Step:    321 | Accumulation Step:  33 | Loss:   1.92 | Tokens / Sec:  6472.3 | Learning Rate: 8.0e-04
Epoch Step:    361 | Accumulation Step:  37 | Loss:   1.94 | Tokens / Sec:  6589.5 | Learning Rate: 8.0e-04
Epoch Step:    401 | Accumulation Step:  41 | Loss:   2.01 | Tokens / Sec:  6414.7 | Learning Rate: 7.9e-04
Epoch Step:    441 | Accumulation Step:  45 | Loss:   1.73 | Tokens / Sec:  6636.8 | Learning Rate: 7.9e-04
Epoch Step:    481 | Accumulation Step:  49 | Loss:   2.36 | Tokens / Sec:  6579.9 | Learning Rate: 7.8e-04
Epoch Step:    521 | Accumulation Step:  53 | Loss:   1.69 | Tokens / Sec:  6623.8 | Learning Rate: 7.8e-04
Epoch Step:    561 | Accumulation Step:  57 | Loss:   1.62 | Tokens / Sec:  6581.0 | Learning Rate: 7.7e-04
Epoch Step:    601 | Accumulation Step:  61 | Loss:   2.00 | Tokens / Sec:  6500.2 | Learning Rate: 7.7e-04
Epoch Step:    641 | Accumulation Step:  65 | Loss:   1.96 | Tokens / Sec:  6036.3 | Learning Rate: 7.6e-04
Epoch Step:    681 | Accumulation Step:  69 | Loss:   1.79 | Tokens / Sec:  6586.3 | Learning Rate: 7.6e-04
Epoch Step:    721 | Accumulation Step:  73 | Loss:   1.96 | Tokens / Sec:  6965.7 | Learning Rate: 7.5e-04
Epoch Step:    761 | Accumulation Step:  77 | Loss:   1.72 | Tokens / Sec:  6972.2 | Learning Rate: 7.5e-04
Epoch Step:    801 | Accumulation Step:  81 | Loss:   2.23 | Tokens / Sec:  7045.4 | Learning Rate: 7.4e-04
Epoch Step:    841 | Accumulation Step:  85 | Loss:   2.01 | Tokens / Sec:  7233.1 | Learning Rate: 7.4e-04
Epoch Step:    881 | Accumulation Step:  89 | Loss:   1.55 | Tokens / Sec:  7165.6 | Learning Rate: 7.4e-04
| ID | GPU  | MEM |
-------------------
|  0 |  23% | 24% |
|  1 |   0% |  0% |
|  2 |   0% | 52% |
|  3 | 100% | 52% |
[GPU0] Epoch 3 Validation ====
(tensor(1.7498, device='cuda:0'), <model_training.TrainState object at 0x7fb1a7d7d850>)
[GPU0] Epoch 4 Training ====
Epoch Step:      1 | Accumulation Step:   1 | Loss:   1.53 | Tokens / Sec:  5217.0 | Learning Rate: 7.3e-04
Epoch Step:     41 | Accumulation Step:   5 | Loss:   1.73 | Tokens / Sec:  6588.1 | Learning Rate: 7.3e-04
Epoch Step:     81 | Accumulation Step:   9 | Loss:   1.58 | Tokens / Sec:  6625.8 | Learning Rate: 7.3e-04
Epoch Step:    121 | Accumulation Step:  13 | Loss:   1.36 | Tokens / Sec:  6599.6 | Learning Rate: 7.2e-04
Epoch Step:    161 | Accumulation Step:  17 | Loss:   1.53 | Tokens / Sec:  6541.6 | Learning Rate: 7.2e-04
Epoch Step:    201 | Accumulation Step:  21 | Loss:   1.70 | Tokens / Sec:  6589.8 | Learning Rate: 7.1e-04
Epoch Step:    241 | Accumulation Step:  25 | Loss:   1.68 | Tokens / Sec:  6844.7 | Learning Rate: 7.1e-04
Epoch Step:    281 | Accumulation Step:  29 | Loss:   1.31 | Tokens / Sec:  6867.8 | Learning Rate: 7.1e-04
Epoch Step:    321 | Accumulation Step:  33 | Loss:   1.52 | Tokens / Sec:  6862.7 | Learning Rate: 7.0e-04
Epoch Step:    361 | Accumulation Step:  37 | Loss:   1.64 | Tokens / Sec:  6776.1 | Learning Rate: 7.0e-04
Epoch Step:    401 | Accumulation Step:  41 | Loss:   1.42 | Tokens / Sec:  6901.6 | Learning Rate: 7.0e-04
Epoch Step:    441 | Accumulation Step:  45 | Loss:   1.67 | Tokens / Sec:  6792.5 | Learning Rate: 6.9e-04
Epoch Step:    481 | Accumulation Step:  49 | Loss:   1.59 | Tokens / Sec:  6823.3 | Learning Rate: 6.9e-04
Epoch Step:    521 | Accumulation Step:  53 | Loss:   1.28 | Tokens / Sec:  6500.7 | Learning Rate: 6.9e-04
Epoch Step:    561 | Accumulation Step:  57 | Loss:   1.51 | Tokens / Sec:  6806.5 | Learning Rate: 6.8e-04
Epoch Step:    601 | Accumulation Step:  61 | Loss:   1.54 | Tokens / Sec:  6863.1 | Learning Rate: 6.8e-04
Epoch Step:    641 | Accumulation Step:  65 | Loss:   1.41 | Tokens / Sec:  6714.3 | Learning Rate: 6.8e-04
Epoch Step:    681 | Accumulation Step:  69 | Loss:   1.64 | Tokens / Sec:  6637.2 | Learning Rate: 6.7e-04
Epoch Step:    721 | Accumulation Step:  73 | Loss:   1.52 | Tokens / Sec:  6961.7 | Learning Rate: 6.7e-04
Epoch Step:    761 | Accumulation Step:  77 | Loss:   1.60 | Tokens / Sec:  6863.8 | Learning Rate: 6.7e-04
Epoch Step:    801 | Accumulation Step:  81 | Loss:   1.60 | Tokens / Sec:  6932.7 | Learning Rate: 6.6e-04
Epoch Step:    841 | Accumulation Step:  85 | Loss:   1.50 | Tokens / Sec:  6910.0 | Learning Rate: 6.6e-04
Epoch Step:    881 | Accumulation Step:  89 | Loss:   1.33 | Tokens / Sec:  6999.5 | Learning Rate: 6.6e-04
| ID | GPU | MEM |
------------------
|  0 |  0% | 24% |
|  1 |  0% |  0% |
|  2 | 98% | 52% |
|  3 | 94% | 52% |
[GPU0] Epoch 4 Validation ====
(tensor(1.5725, device='cuda:0'), <model_training.TrainState object at 0x7fb1a7d7d850>)
[GPU0] Epoch 5 Training ====
Epoch Step:      1 | Accumulation Step:   1 | Loss:   1.44 | Tokens / Sec:  7091.5 | Learning Rate: 6.6e-04
Epoch Step:     41 | Accumulation Step:   5 | Loss:   1.46 | Tokens / Sec:  7087.2 | Learning Rate: 6.5e-04
Epoch Step:     81 | Accumulation Step:   9 | Loss:   1.54 | Tokens / Sec:  7134.1 | Learning Rate: 6.5e-04
Epoch Step:    121 | Accumulation Step:  13 | Loss:   1.21 | Tokens / Sec:  7079.3 | Learning Rate: 6.5e-04
Epoch Step:    161 | Accumulation Step:  17 | Loss:   1.34 | Tokens / Sec:  7274.5 | Learning Rate: 6.4e-04
Epoch Step:    201 | Accumulation Step:  21 | Loss:   1.18 | Tokens / Sec:  7137.1 | Learning Rate: 6.4e-04
Epoch Step:    241 | Accumulation Step:  25 | Loss:   1.35 | Tokens / Sec:  6917.8 | Learning Rate: 6.4e-04
Epoch Step:    281 | Accumulation Step:  29 | Loss:   1.27 | Tokens / Sec:  6685.5 | Learning Rate: 6.4e-04
Epoch Step:    321 | Accumulation Step:  33 | Loss:   1.49 | Tokens / Sec:  6876.0 | Learning Rate: 6.3e-04
Epoch Step:    361 | Accumulation Step:  37 | Loss:   1.35 | Tokens / Sec:  6779.4 | Learning Rate: 6.3e-04
Epoch Step:    401 | Accumulation Step:  41 | Loss:   1.36 | Tokens / Sec:  6859.8 | Learning Rate: 6.3e-04
Epoch Step:    441 | Accumulation Step:  45 | Loss:   1.55 | Tokens / Sec:  6409.1 | Learning Rate: 6.3e-04
Epoch Step:    481 | Accumulation Step:  49 | Loss:   1.35 | Tokens / Sec:  5698.0 | Learning Rate: 6.2e-04
Epoch Step:    521 | Accumulation Step:  53 | Loss:   1.38 | Tokens / Sec:  6582.5 | Learning Rate: 6.2e-04
Epoch Step:    561 | Accumulation Step:  57 | Loss:   1.43 | Tokens / Sec:  7059.1 | Learning Rate: 6.2e-04
Epoch Step:    601 | Accumulation Step:  61 | Loss:   1.55 | Tokens / Sec:  6824.4 | Learning Rate: 6.2e-04
Epoch Step:    641 | Accumulation Step:  65 | Loss:   1.25 | Tokens / Sec:  6935.8 | Learning Rate: 6.1e-04
Epoch Step:    681 | Accumulation Step:  69 | Loss:   1.35 | Tokens / Sec:  6801.5 | Learning Rate: 6.1e-04
Epoch Step:    721 | Accumulation Step:  73 | Loss:   1.57 | Tokens / Sec:  6771.6 | Learning Rate: 6.1e-04
Epoch Step:    761 | Accumulation Step:  77 | Loss:   1.20 | Tokens / Sec:  6733.8 | Learning Rate: 6.1e-04
Epoch Step:    801 | Accumulation Step:  81 | Loss:   1.39 | Tokens / Sec:  6905.6 | Learning Rate: 6.0e-04
Epoch Step:    841 | Accumulation Step:  85 | Loss:   1.24 | Tokens / Sec:  6893.5 | Learning Rate: 6.0e-04
Epoch Step:    881 | Accumulation Step:  89 | Loss:   1.39 | Tokens / Sec:  6846.2 | Learning Rate: 6.0e-04
| ID | GPU | MEM |
------------------
|  0 | 10% | 24% |
|  1 |  0% |  0% |
|  2 | 98% | 52% |
|  3 | 96% | 52% |
[GPU0] Epoch 5 Validation ====
(tensor(1.4968, device='cuda:0'), <model_training.TrainState object at 0x7fb1a7d7d850>)
[GPU0] Epoch 6 Training ====
Epoch Step:      1 | Accumulation Step:   1 | Loss:   1.13 | Tokens / Sec:  4681.5 | Learning Rate: 6.0e-04
Epoch Step:     41 | Accumulation Step:   5 | Loss:   0.86 | Tokens / Sec:  6181.4 | Learning Rate: 6.0e-04
Epoch Step:     81 | Accumulation Step:   9 | Loss:   0.98 | Tokens / Sec:  6578.2 | Learning Rate: 5.9e-04
Epoch Step:    121 | Accumulation Step:  13 | Loss:   1.31 | Tokens / Sec:  6779.3 | Learning Rate: 5.9e-04
Epoch Step:    161 | Accumulation Step:  17 | Loss:   0.95 | Tokens / Sec:  6829.4 | Learning Rate: 5.9e-04
Epoch Step:    201 | Accumulation Step:  21 | Loss:   1.09 | Tokens / Sec:  6819.3 | Learning Rate: 5.9e-04
Epoch Step:    241 | Accumulation Step:  25 | Loss:   1.35 | Tokens / Sec:  6813.9 | Learning Rate: 5.9e-04
Epoch Step:    281 | Accumulation Step:  29 | Loss:   0.99 | Tokens / Sec:  6852.0 | Learning Rate: 5.8e-04
Epoch Step:    321 | Accumulation Step:  33 | Loss:   1.06 | Tokens / Sec:  6784.1 | Learning Rate: 5.8e-04
Epoch Step:    361 | Accumulation Step:  37 | Loss:   1.22 | Tokens / Sec:  6879.5 | Learning Rate: 5.8e-04
Epoch Step:    401 | Accumulation Step:  41 | Loss:   1.03 | Tokens / Sec:  6900.6 | Learning Rate: 5.8e-04
Epoch Step:    441 | Accumulation Step:  45 | Loss:   1.09 | Tokens / Sec:  6778.2 | Learning Rate: 5.8e-04
Epoch Step:    481 | Accumulation Step:  49 | Loss:   1.07 | Tokens / Sec:  5885.5 | Learning Rate: 5.7e-04
Epoch Step:    521 | Accumulation Step:  53 | Loss:   1.13 | Tokens / Sec:  6750.9 | Learning Rate: 5.7e-04
Epoch Step:    561 | Accumulation Step:  57 | Loss:   1.09 | Tokens / Sec:  6851.9 | Learning Rate: 5.7e-04
Epoch Step:    601 | Accumulation Step:  61 | Loss:   0.96 | Tokens / Sec:  6824.3 | Learning Rate: 5.7e-04
Epoch Step:    641 | Accumulation Step:  65 | Loss:   1.28 | Tokens / Sec:  6851.1 | Learning Rate: 5.7e-04
Epoch Step:    681 | Accumulation Step:  69 | Loss:   1.27 | Tokens / Sec:  6874.2 | Learning Rate: 5.6e-04
Epoch Step:    721 | Accumulation Step:  73 | Loss:   1.34 | Tokens / Sec:  6400.0 | Learning Rate: 5.6e-04
Epoch Step:    761 | Accumulation Step:  77 | Loss:   1.12 | Tokens / Sec:  6882.3 | Learning Rate: 5.6e-04
Epoch Step:    801 | Accumulation Step:  81 | Loss:   1.19 | Tokens / Sec:  6866.4 | Learning Rate: 5.6e-04
Epoch Step:    841 | Accumulation Step:  85 | Loss:   1.28 | Tokens / Sec:  6880.4 | Learning Rate: 5.6e-04
Epoch Step:    881 | Accumulation Step:  89 | Loss:   1.18 | Tokens / Sec:  6933.6 | Learning Rate: 5.6e-04
| ID | GPU | MEM |
------------------
|  0 | 37% | 24% |
|  1 |  0% |  0% |
|  2 | 98% | 52% |
|  3 | 66% | 52% |
[GPU0] Epoch 6 Validation ====
(tensor(1.4595, device='cuda:0'), <model_training.TrainState object at 0x7fb1a7d7d850>)
[GPU0] Epoch 7 Training ====
Epoch Step:      1 | Accumulation Step:   1 | Loss:   1.06 | Tokens / Sec:  5647.3 | Learning Rate: 5.5e-04
Epoch Step:     41 | Accumulation Step:   5 | Loss:   1.12 | Tokens / Sec:  6883.8 | Learning Rate: 5.5e-04
Epoch Step:     81 | Accumulation Step:   9 | Loss:   1.04 | Tokens / Sec:  6789.6 | Learning Rate: 5.5e-04
Epoch Step:    121 | Accumulation Step:  13 | Loss:   0.99 | Tokens / Sec:  6796.7 | Learning Rate: 5.5e-04
Epoch Step:    161 | Accumulation Step:  17 | Loss:   0.84 | Tokens / Sec:  6845.1 | Learning Rate: 5.5e-04
Epoch Step:    201 | Accumulation Step:  21 | Loss:   1.02 | Tokens / Sec:  6883.3 | Learning Rate: 5.5e-04
Epoch Step:    241 | Accumulation Step:  25 | Loss:   0.89 | Tokens / Sec:  6785.7 | Learning Rate: 5.4e-04
Epoch Step:    281 | Accumulation Step:  29 | Loss:   0.96 | Tokens / Sec:  6769.9 | Learning Rate: 5.4e-04
Epoch Step:    321 | Accumulation Step:  33 | Loss:   0.95 | Tokens / Sec:  6815.4 | Learning Rate: 5.4e-04
Epoch Step:    361 | Accumulation Step:  37 | Loss:   1.19 | Tokens / Sec:  6910.0 | Learning Rate: 5.4e-04
Epoch Step:    401 | Accumulation Step:  41 | Loss:   1.04 | Tokens / Sec:  6883.8 | Learning Rate: 5.4e-04
Epoch Step:    441 | Accumulation Step:  45 | Loss:   1.10 | Tokens / Sec:  6941.0 | Learning Rate: 5.4e-04
Epoch Step:    481 | Accumulation Step:  49 | Loss:   1.08 | Tokens / Sec:  6917.1 | Learning Rate: 5.3e-04
Epoch Step:    521 | Accumulation Step:  53 | Loss:   0.94 | Tokens / Sec:  6910.0 | Learning Rate: 5.3e-04
Epoch Step:    561 | Accumulation Step:  57 | Loss:   1.16 | Tokens / Sec:  6653.9 | Learning Rate: 5.3e-04
Epoch Step:    601 | Accumulation Step:  61 | Loss:   1.14 | Tokens / Sec:  6439.3 | Learning Rate: 5.3e-04
Epoch Step:    641 | Accumulation Step:  65 | Loss:   1.03 | Tokens / Sec:  6636.7 | Learning Rate: 5.3e-04
Epoch Step:    681 | Accumulation Step:  69 | Loss:   1.17 | Tokens / Sec:  6844.8 | Learning Rate: 5.3e-04
Epoch Step:    721 | Accumulation Step:  73 | Loss:   1.00 | Tokens / Sec:  6800.3 | Learning Rate: 5.3e-04
Epoch Step:    761 | Accumulation Step:  77 | Loss:   1.14 | Tokens / Sec:  6866.7 | Learning Rate: 5.2e-04
Epoch Step:    801 | Accumulation Step:  81 | Loss:   1.01 | Tokens / Sec:  6901.3 | Learning Rate: 5.2e-04
Epoch Step:    841 | Accumulation Step:  85 | Loss:   1.07 | Tokens / Sec:  6785.3 | Learning Rate: 5.2e-04
Epoch Step:    881 | Accumulation Step:  89 | Loss:   1.00 | Tokens / Sec:  6750.0 | Learning Rate: 5.2e-04
| ID | GPU | MEM |
------------------
|  0 |  5% | 24% |
|  1 |  0% |  0% |
|  2 | 98% | 52% |
|  3 | 97% | 52% |
[GPU0] Epoch 7 Validation ====
(tensor(1.4515, device='cuda:0'), <model_training.TrainState object at 0x7fb1a7d7d850>)
